[    0.000000] Linux version 4.15.0-202-generic (buildd@lcy02-amd64-115) (gcc version 7.5.0 (Ubuntu 7.5.0-3ubuntu1~18.04)) #213-Ubuntu SMP Thu Jan 5 19:19:12 UTC 2023 (Ubuntu 4.15.0-202.213-generic 4.15.18)
[    0.000000] Command line: BOOT_IMAGE=/boot/vmlinuz-4.15.0-202-generic root=UUID=696806de-e29d-4c0e-8dcd-cdc4beaab142 ro console=tty1 console=ttyS0
[    0.000000] KERNEL supported cpus:
[    0.000000]   Intel GenuineIntel
[    0.000000]   AMD AuthenticAMD
[    0.000000]   Centaur CentaurHauls
[    0.000000] x86/fpu: x87 FPU will use FXSAVE
[    0.000000] e820: BIOS-provided physical RAM map:
[    0.000000] BIOS-e820: [mem 0x0000000000000000-0x000000000009fbff] usable
[    0.000000] BIOS-e820: [mem 0x000000000009fc00-0x000000000009ffff] reserved
[    0.000000] BIOS-e820: [mem 0x00000000000f0000-0x00000000000fffff] reserved
[    0.000000] BIOS-e820: [mem 0x0000000000100000-0x000000003ffeffff] usable
[    0.000000] BIOS-e820: [mem 0x000000003fff0000-0x000000003fffffff] ACPI data
[    0.000000] BIOS-e820: [mem 0x00000000fec00000-0x00000000fec00fff] reserved
[    0.000000] BIOS-e820: [mem 0x00000000fee00000-0x00000000fee00fff] reserved
[    0.000000] BIOS-e820: [mem 0x00000000fffc0000-0x00000000ffffffff] reserved
[    0.000000] NX (Execute Disable) protection: active
[    0.000000] SMBIOS 2.5 present.
[    0.000000] DMI: innotek GmbH VirtualBox/VirtualBox, BIOS VirtualBox 12/01/2006
[    0.000000] Hypervisor detected: KVM
[    0.000000] e820: last_pfn = 0x3fff0 max_arch_pfn = 0x400000000
[    0.000000] MTRR: Disabled
[    0.000000] x86/PAT: MTRRs disabled, skipping PAT initialization too.
[    0.000000] CPU MTRRs all blank - virtualized system.
[    0.000000] x86/PAT: Configuration [0-7]: WB  WT  UC- UC  WB  WT  UC- UC  
[    0.000000] found SMP MP-table at [mem 0x0009fff0-0x0009ffff]
[    0.000000] Scanning 1 areas for low memory corruption
[    0.000000] RAMDISK: [mem 0x35819000-0x36c03fff]
[    0.000000] ACPI: Early table checksum verification disabled
[    0.000000] ACPI: RSDP 0x00000000000E0000 000024 (v02 VBOX  )
[    0.000000] ACPI: XSDT 0x000000003FFF0030 00003C (v01 VBOX   VBOXXSDT 00000001 ASL  00000061)
[    0.000000] ACPI: FACP 0x000000003FFF00F0 0000F4 (v04 VBOX   VBOXFACP 00000001 ASL  00000061)
[    0.000000] ACPI: DSDT 0x000000003FFF0610 002353 (v02 VBOX   VBOXBIOS 00000002 INTL 20100528)
[    0.000000] ACPI: FACS 0x000000003FFF0200 000040
[    0.000000] ACPI: FACS 0x000000003FFF0200 000040
[    0.000000] ACPI: APIC 0x000000003FFF0240 00005C (v02 VBOX   VBOXAPIC 00000001 ASL  00000061)
[    0.000000] ACPI: SSDT 0x000000003FFF02A0 00036C (v01 VBOX   VBOXCPUT 00000002 INTL 20100528)
[    0.000000] ACPI: Reserving FACP table memory at [mem 0x3fff00f0-0x3fff01e3]
[    0.000000] ACPI: Reserving DSDT table memory at [mem 0x3fff0610-0x3fff2962]
[    0.000000] ACPI: Reserving FACS table memory at [mem 0x3fff0200-0x3fff023f]
[    0.000000] ACPI: Reserving FACS table memory at [mem 0x3fff0200-0x3fff023f]
[    0.000000] ACPI: Reserving APIC table memory at [mem 0x3fff0240-0x3fff029b]
[    0.000000] ACPI: Reserving SSDT table memory at [mem 0x3fff02a0-0x3fff060b]
[    0.000000] No NUMA configuration found
[    0.000000] Faking a node at [mem 0x0000000000000000-0x000000003ffeffff]
[    0.000000] NODE_DATA(0) allocated [mem 0x3ffc5000-0x3ffeffff]
[    0.000000] kvm-clock: cpu 0, msr 0:3ff44001, primary cpu clock
[    0.000000] kvm-clock: Using msrs 4b564d01 and 4b564d00
[    0.000000] kvm-clock: using sched offset of 5382245630 cycles
[    0.000000] clocksource: kvm-clock: mask: 0xffffffffffffffff max_cycles: 0x1cd42e4dffb, max_idle_ns: 881590591483 ns
[    0.000000] Zone ranges:
[    0.000000]   DMA      [mem 0x0000000000001000-0x0000000000ffffff]
[    0.000000]   DMA32    [mem 0x0000000001000000-0x000000003ffeffff]
[    0.000000]   Normal   empty
[    0.000000]   Device   empty
[    0.000000] Movable zone start for each node
[    0.000000] Early memory node ranges
[    0.000000]   node   0: [mem 0x0000000000001000-0x000000000009efff]
[    0.000000]   node   0: [mem 0x0000000000100000-0x000000003ffeffff]
[    0.000000] Reserved but unavailable: 104 pages
[    0.000000] Initmem setup node 0 [mem 0x0000000000001000-0x000000003ffeffff]
[    0.000000] ACPI: PM-Timer IO Port: 0x4008
[    0.000000] IOAPIC[0]: apic_id 2, version 32, address 0xfec00000, GSI 0-23
[    0.000000] ACPI: INT_SRC_OVR (bus 0 bus_irq 0 global_irq 2 dfl dfl)
[    0.000000] ACPI: INT_SRC_OVR (bus 0 bus_irq 9 global_irq 9 low level)
[    0.000000] Using ACPI (MADT) for SMP configuration information
[    0.000000] smpboot: Allowing 2 CPUs, 0 hotplug CPUs
[    0.000000] PM: Registered nosave memory: [mem 0x00000000-0x00000fff]
[    0.000000] PM: Registered nosave memory: [mem 0x0009f000-0x0009ffff]
[    0.000000] PM: Registered nosave memory: [mem 0x000a0000-0x000effff]
[    0.000000] PM: Registered nosave memory: [mem 0x000f0000-0x000fffff]
[    0.000000] e820: [mem 0x40000000-0xfebfffff] available for PCI devices
[    0.000000] Booting paravirtualized kernel on KVM
[    0.000000] clocksource: refined-jiffies: mask: 0xffffffff max_cycles: 0xffffffff, max_idle_ns: 7645519600211568 ns
[    0.000000] setup_percpu: NR_CPUS:8192 nr_cpumask_bits:2 nr_cpu_ids:2 nr_node_ids:1
[    0.000000] percpu: Embedded 50 pages/cpu s167936 r8192 d28672 u1048576
[    0.000000] PV qspinlock hash table entries: 256 (order: 0, 4096 bytes)
[    0.000000] Built 1 zonelists, mobility grouping on.  Total pages: 257913
[    0.000000] Policy zone: DMA32
[    0.000000] Kernel command line: BOOT_IMAGE=/boot/vmlinuz-4.15.0-202-generic root=UUID=696806de-e29d-4c0e-8dcd-cdc4beaab142 ro console=tty1 console=ttyS0
[    0.000000] Memory: 981784K/1048120K available (12300K kernel code, 2477K rwdata, 4320K rodata, 2472K init, 2720K bss, 66336K reserved, 0K cma-reserved)
[    0.000000] SLUB: HWalign=64, Order=0-3, MinObjects=0, CPUs=2, Nodes=1
[    0.000000] ftrace: allocating 39478 entries in 155 pages
[    0.004000] Hierarchical RCU implementation.
[    0.004000] 	RCU restricting CPUs from NR_CPUS=8192 to nr_cpu_ids=2.
[    0.004000] 	Tasks RCU enabled.
[    0.004000] RCU: Adjusting geometry for rcu_fanout_leaf=16, nr_cpu_ids=2
[    0.004000] NR_IRQS: 524544, nr_irqs: 440, preallocated irqs: 16
[    0.004000] random: crng init done
[    0.004000] Console: colour VGA+ 80x25
[    0.004000] console [tty1] enabled
[    0.004000] console [ttyS0] enabled
[    0.004000] ACPI: Core revision 20170831
[    0.004000] ACPI: 2 ACPI AML tables successfully acquired and loaded
[    0.004000] APIC: Switch to symmetric I/O mode setup
[    0.004000] ..TIMER: vector=0x30 apic1=0 pin1=2 apic2=-1 pin2=-1
[    0.004010] tsc: Detected 1800.005 MHz processor
[    0.008020] Calibrating delay loop (skipped) preset value.. 3600.01 BogoMIPS (lpj=7200020)
[    0.012008] pid_max: default: 32768 minimum: 301
[    0.016176] Security Framework initialized
[    0.020007] Yama: becoming mindful.
[    0.024225] AppArmor: AppArmor initialized
[    0.042845] Dentry cache hash table entries: 131072 (order: 8, 1048576 bytes)
[    0.050956] Inode-cache hash table entries: 65536 (order: 7, 524288 bytes)
[    0.052194] Mount-cache hash table entries: 2048 (order: 2, 16384 bytes)
[    0.056183] Mountpoint-cache hash table entries: 2048 (order: 2, 16384 bytes)
[    0.068296] Last level iTLB entries: 4KB 64, 2MB 8, 4MB 8
[    0.072006] Last level dTLB entries: 4KB 64, 2MB 0, 4MB 0, 1GB 4
[    0.076009] Spectre V1 : Mitigation: usercopy/swapgs barriers and __user pointer sanitization
[    0.080008] Spectre V2 : Mitigation: Enhanced IBRS
[    0.084006] Spectre V2 : Spectre v2 / SpectreRSB mitigation: Filling RSB on context switch
[    0.088006] Speculative Store Bypass: Vulnerable
[    0.092119] MMIO Stale Data: Vulnerable: Clear CPU buffers attempted, no microcode
[    0.096008] SRBDS: Unknown: Dependent on hypervisor status
[    0.100377] Freeing SMP alternatives memory: 36K
[    0.223330] smpboot: CPU0: Intel(R) Core(TM) i5-8265U CPU @ 1.60GHz (family: 0x6, model: 0x8e, stepping: 0xc)
[    0.225335] Performance Events: unsupported p6 CPU model 142 no PMU driver, software events only.
[    0.228241] Hierarchical SRCU implementation.
[    0.233187] NMI watchdog: Perf event create on CPU 0 failed with -2
[    0.236170] NMI watchdog: Perf NMI watchdog permanently disabled
[    0.240092] smp: Bringing up secondary CPUs ...
[    0.244166] x86: Booting SMP configuration:
[    0.248010] .... node  #0, CPUs:      #1
[    0.004000] kvm-clock: cpu 1, msr 0:3ff44041, secondary cpu clock
[    0.275491] TSC synchronization [CPU#0 -> CPU#1]:
[    0.276000] Measured 63464 cycles TSC warp between CPUs, turning off TSC clock.
[    0.276000] tsc: Marking TSC unstable due to check_tsc_sync_source failed
[    0.280470] smp: Brought up 1 node, 2 CPUs
[    0.284016] smpboot: Max logical packages: 1
[    0.288011] smpboot: Total of 2 processors activated (7200.02 BogoMIPS)
[    0.296007] devtmpfs: initialized
[    0.300067] x86/mm: Memory block size: 128MB
[    0.304279] evm: security.selinux
[    0.308006] evm: security.SMACK64
[    0.312005] evm: security.SMACK64EXEC
[    0.316005] evm: security.SMACK64TRANSMUTE
[    0.320006] evm: security.SMACK64MMAP
[    0.324006] evm: security.apparmor
[    0.328005] evm: security.ima
[    0.332004] evm: security.capability
[    0.336452] clocksource: jiffies: mask: 0xffffffff max_cycles: 0xffffffff, max_idle_ns: 7645041785100000 ns
[    0.340026] futex hash table entries: 512 (order: 3, 32768 bytes)
[    0.344111] pinctrl core: initialized pinctrl subsystem
[    0.352007] RTC time: 17:08:38, date: 02/01/23
[    0.361442] NET: Registered protocol family 16
[    0.364115] audit: initializing netlink subsys (disabled)
[    0.368544] audit: type=2000 audit(1675271323.332:1): state=initialized audit_enabled=0 res=1
[    0.392014] cpuidle: using governor ladder
[    0.396019] cpuidle: using governor menu
[    0.400076] ACPI: bus type PCI registered
[    0.404008] acpiphp: ACPI Hot Plug PCI Controller Driver version: 0.5
[    0.413181] PCI: Using configuration type 1 for base access
[    0.428812] HugeTLB registered 2.00 MiB page size, pre-allocated 0 pages
[    0.440768] ACPI: Added _OSI(Module Device)
[    0.444008] ACPI: Added _OSI(Processor Device)
[    0.448007] ACPI: Added _OSI(3.0 _SCP Extensions)
[    0.452007] ACPI: Added _OSI(Processor Aggregator Device)
[    0.456010] ACPI: Added _OSI(Linux-Dell-Video)
[    0.460008] ACPI: Added _OSI(Linux-Lenovo-NV-HDMI-Audio)
[    0.464008] ACPI: Added _OSI(Linux-HPI-Hybrid-Graphics)
[    0.470036] ACPI: Executed 1 blocks of module-level executable AML code
[    0.485199] ACPI: Interpreter enabled
[    0.488032] ACPI: (supports S0 S5)
[    0.492007] ACPI: Using IOAPIC for interrupt routing
[    0.500028] PCI: Using host bridge windows from ACPI; if necessary, use "pci=nocrs" and report a bug
[    0.504601] ACPI: Enabled 2 GPEs in block 00 to 07
[    0.534849] ACPI: PCI Root Bridge [PCI0] (domain 0000 [bus 00-ff])
[    0.536018] acpi PNP0A03:00: _OSC: OS supports [ASPM ClockPM Segments MSI]
[    0.544524] acpi PNP0A03:00: _OSC: not requesting OS control; OS requires [ExtendedConfig ASPM ClockPM MSI]
[    0.548036] acpi PNP0A03:00: fail to add MMCONFIG information, can't access extended PCI configuration space under this bridge.
[    0.553936] PCI host bridge to bus 0000:00
[    0.556010] pci_bus 0000:00: root bus resource [io  0x0000-0x0cf7 window]
[    0.560009] pci_bus 0000:00: root bus resource [io  0x0d00-0xffff window]
[    0.568021] pci_bus 0000:00: root bus resource [mem 0x000a0000-0x000bffff window]
[    0.572010] pci_bus 0000:00: root bus resource [mem 0x40000000-0xfdffffff window]
[    0.576010] pci_bus 0000:00: root bus resource [bus 00-ff]
[    0.596506] pci 0000:00:01.1: legacy IDE quirk: reg 0x10: [io  0x01f0-0x01f7]
[    0.600010] pci 0000:00:01.1: legacy IDE quirk: reg 0x14: [io  0x03f6]
[    0.608013] pci 0000:00:01.1: legacy IDE quirk: reg 0x18: [io  0x0170-0x0177]
[    0.612008] pci 0000:00:01.1: legacy IDE quirk: reg 0x1c: [io  0x0376]
[    0.674842] pci 0000:00:07.0: quirk: [io  0x4000-0x403f] claimed by PIIX4 ACPI
[    0.676089] pci 0000:00:07.0: quirk: [io  0x4100-0x410f] claimed by PIIX4 SMB
[    0.700477] ACPI: PCI Interrupt Link [LNKA] (IRQs 5 9 10 *11)
[    0.705459] ACPI: PCI Interrupt Link [LNKB] (IRQs 5 9 *10 11)
[    0.708499] ACPI: PCI Interrupt Link [LNKC] (IRQs 5 *9 10 11)
[    0.716197] ACPI: PCI Interrupt Link [LNKD] (IRQs 5 9 10 *11)
[    0.724777] SCSI subsystem initialized
[    0.728515] pci 0000:00:02.0: vgaarb: setting as boot VGA device
[    0.732000] pci 0000:00:02.0: vgaarb: VGA device added: decodes=io+mem,owns=io+mem,locks=none
[    0.732012] pci 0000:00:02.0: vgaarb: bridge control possible
[    0.736006] vgaarb: loaded
[    0.740195] ACPI: bus type USB registered
[    0.744038] usbcore: registered new interface driver usbfs
[    0.748026] usbcore: registered new interface driver hub
[    0.752081] usbcore: registered new device driver usb
[    0.756783] EDAC MC: Ver: 3.0.0
[    0.764711] PCI: Using ACPI for IRQ routing
[    0.772212] NetLabel: Initializing
[    0.776006] NetLabel:  domain hash size = 128
[    0.780005] NetLabel:  protocols = UNLABELED CIPSOv4 CALIPSO
[    0.784040] NetLabel:  unlabeled traffic allowed by default
[    0.792547] clocksource: Switched to clocksource kvm-clock
[    0.834563] VFS: Disk quotas dquot_6.6.0
[    0.834563] VFS: Dquot-cache hash table entries: 512 (order 0, 4096 bytes)
[    0.834563] AppArmor: AppArmor Filesystem Enabled
[    0.834563] pnp: PnP ACPI init
[    0.834563] pnp: PnP ACPI: found 3 devices
[    1.014148] clocksource: acpi_pm: mask: 0xffffff max_cycles: 0xffffff, max_idle_ns: 2085701024 ns
[    1.016234] NET: Registered protocol family 2
[    1.016234] IP idents hash table entries: 16384 (order: 5, 131072 bytes)
[    1.054088] TCP established hash table entries: 8192 (order: 4, 65536 bytes)
[    1.067564] TCP bind hash table entries: 8192 (order: 5, 131072 bytes)
[    1.081076] TCP: Hash tables configured (established 8192 bind 8192)
[    1.083781] UDP hash table entries: 512 (order: 2, 16384 bytes)
[    1.083781] UDP-Lite hash table entries: 512 (order: 2, 16384 bytes)
[    1.083781] NET: Registered protocol family 1
[    1.083781] pci 0000:00:00.0: Limiting direct PCI/PCI transfers
[    1.083781] pci 0000:00:01.0: Activating ISA DMA hang workarounds
[    1.083781] pci 0000:00:02.0: Video device with shadowed ROM at [mem 0x000c0000-0x000dffff]
[    1.083781] Unpacking initramfs...
[    1.900317] Freeing initrd memory: 20396K
[    2.446022] clocksource: tsc: mask: 0xffffffffffffffff max_cycles: 0x19f22e42037, max_idle_ns: 440795249997 ns
[    2.466064] platform rtc_cmos: registered platform RTC device (no PNP device found)
[    2.482698] Scanning for low memory corruption every 60 seconds
[    2.502247] Initialise system trusted keyrings
[    2.514105] Key type blacklist registered
[    2.526958] workingset: timestamp_bits=36 max_order=18 bucket_order=0
[    2.544912] zbud: loaded
[    2.559838] squashfs: version 4.0 (2009/01/31) Phillip Lougher
[    2.574912] fuse init (API version 7.26)
[    2.631765] Key type asymmetric registered
[    2.643752] Asymmetric key parser 'x509' registered
[    2.655370] Block layer SCSI generic (bsg) driver version 0.4 loaded (major 246)
[    2.672837] io scheduler noop registered
[    2.683956] io scheduler deadline registered
[    2.695215] io scheduler cfq registered (default)
[    2.709341] ACPI: AC Adapter [AC] (off-line)
[    2.721267] input: Power Button as /devices/LNXSYSTM:00/LNXPWRBN:00/input/input0
[    2.736008] ACPI: Power Button [PWRF]
[    2.747590] input: Sleep Button as /devices/LNXSYSTM:00/LNXSLPBN:00/input/input1
[    2.762694] ACPI: Sleep Button [SLPF]
[    2.777526] Serial: 8250/16550 driver, 32 ports, IRQ sharing enabled
[    2.791181] ACPI: Battery Slot [BAT0] (battery present)
[    2.852854] 00:02: ttyS0 at I/O 0x3f8 (irq = 4, base_baud = 115200) is a 16550A
[    2.909724] Linux agpgart interface v0.103
[    2.933881] loop: module loaded
[    2.949095] scsi host0: ata_piix
[    2.961296] scsi host1: ata_piix
[    2.970702] ata1: PATA max UDMA/33 cmd 0x1f0 ctl 0x3f6 bmdma 0xd000 irq 14
[    2.987888] ata2: PATA max UDMA/33 cmd 0x170 ctl 0x376 bmdma 0xd008 irq 15
[    3.004921] tun: Universal TUN/TAP device driver, 1.6
[    3.020074] PPP generic driver version 2.4.2
[    3.036819] ehci_hcd: USB 2.0 'Enhanced' Host Controller (EHCI) Driver
[    3.053693] ehci-pci: EHCI PCI platform driver
[    3.065160] ehci-platform: EHCI generic platform driver
[    3.076419] ohci_hcd: USB 1.1 'Open' Host Controller (OHCI) Driver
[    3.089598] ohci-pci: OHCI PCI platform driver
[    3.099611] ohci-platform: OHCI generic platform driver
[    3.111408] uhci_hcd: USB Universal Host Controller Interface driver
[    3.125142] i8042: PNP: PS/2 Controller [PNP0303:PS2K,PNP0f03:PS2M] at 0x60,0x64 irq 1,12
[    3.149184] serio: i8042 KBD port at 0x60,0x64 irq 1
[    3.160668] serio: i8042 AUX port at 0x60,0x64 irq 12
[    3.172845] mousedev: PS/2 mouse device common for all mice
[    3.191766] input: AT Translated Set 2 keyboard as /devices/platform/i8042/serio0/input/input2
[    3.215695] rtc_cmos rtc_cmos: rtc core: registered rtc_cmos as rtc0
[    3.232633] rtc_cmos rtc_cmos: alarms up to one day, 114 bytes nvram
[    3.246577] i2c /dev entries driver
[    3.254304] device-mapper: uevent: version 1.0.3
[    3.265252] device-mapper: ioctl: 4.37.0-ioctl (2017-09-20) initialised: dm-devel@redhat.com
[    3.281776] ledtrig-cpu: registered to indicate activity on CPUs
[    3.298837] NET: Registered protocol family 10
[    3.320369] Segment Routing with IPv6
[    3.330411] NET: Registered protocol family 17
[    3.340771] Key type dns_resolver registered
[    3.350987] mce: Using 0 MCE banks
[    3.360865] RAS: Correctable Errors collector initialized.
[    3.374683] sched_clock: Marking stable (3374578656, 0)->(5256278136, -1881699480)
[    3.398907] registered taskstats version 1
[    3.409074] Loading compiled-in X.509 certificates
[    3.431403] Loaded X.509 cert 'Build time autogenerated kernel key: f114f3958ed3c37ba1924ca66ae8368f3c35b0e4'
[    3.452363] Loaded X.509 cert 'Canonical Ltd. Live Patch Signing: 14df34d1a87cf37625abec039ef2bf521249b969'
[    3.470758] Loaded X.509 cert 'Canonical Ltd. Kernel Module Signing: 88f752e560a1e0737e31163a466ad7b70a850c19'
[    3.491786] blacklist: Loading compiled-in revocation X.509 certificates
[    3.506037] Loaded X.509 cert 'Canonical Ltd. Secure Boot Signing: 61482aa2830d0ab2ad5af10b7250da9033ddcef0'
[    3.526360] zswap: loaded using pool lzo/zbud
[    3.562123] Key type big_key registered
[    3.571253] Key type trusted registered
[    3.591130] Key type encrypted registered
[    3.602753] AppArmor: AppArmor sha1 policy hashing enabled
[    3.615598] ima: No TPM chip found, activating TPM-bypass! (rc=-19)
[    3.629522] ima: Allocated hash algorithm: sha1
[    3.641555] evm: HMAC attrs: 0x1
[    3.651891]   Magic number: 11:915:136
[    3.663967] rtc_cmos rtc_cmos: setting system clock to 2023-02-01 17:08:41 UTC (1675271321)
[    3.681947] BIOS EDD facility v0.16 2004-Jun-25, 0 devices found
[    3.698530] EDD information not available.
[    3.720038] Freeing unused kernel image memory: 2472K
[    3.748322] Write protecting the kernel read-only data: 20480k
[    3.765344] Freeing unused kernel image memory: 2008K
[    3.777875] Freeing unused kernel image memory: 1824K
[    3.809162] x86/mm: Checked W+X mappings: passed, no W+X pages found.
Loading, please wait...
starting version 237
[    4.070803] e1000: Intel(R) PRO/1000 Network Driver - version 7.3.21-k8-NAPI
[    4.089482] e1000: Copyright (c) 1999-2006 Intel Corporation.
[    4.135234] Fusion MPT base driver 3.04.20
[    4.150965] Copyright (c) 1999-2008 LSI Corporation
[    4.287764] Fusion MPT SPI Host driver 3.04.20
[    4.322075] SSE version of gcm_enc/dec engaged.
[    4.496767] input: ImExPS/2 Generic Explorer Mouse as /devices/platform/i8042/serio1/input/input4
[    5.760201] e1000 0000:00:03.0 eth0: (PCI:33MHz:32-bit) 02:40:49:ac:f0:20
[    5.775214] e1000 0000:00:03.0 eth0: Intel(R) PRO/1000 Network Connection
[    5.801594] mptbase: ioc0: Initiating bringup
[    5.801873] e1000 0000:00:03.0 enp0s3: renamed from eth0
[    5.954424] ioc0: LSI53C1030 A0: Capabilities={Initiator}
[    8.116084] scsi host2: ioc0: LSI53C1030 A0, FwRev=00000000h, Ports=1, MaxQ=256, IRQ=20
[    8.452804] scsi 2:0:0:0: Direct-Access     VBOX     HARDDISK         1.0  PQ: 0 ANSI: 5
[    8.808513] scsi target2:0:0: Beginning Domain Validation
[    8.829124] scsi target2:0:0: Domain Validation skipping write tests
[    8.841228] scsi target2:0:0: Ending Domain Validation
[    8.849288] scsi target2:0:0: asynchronous
[    8.858493] scsi 2:0:1:0: Direct-Access     VBOX     HARDDISK         1.0  PQ: 0 ANSI: 5
[   10.119669] scsi target2:0:1: Beginning Domain Validation
[   10.159204] scsi target2:0:1: Domain Validation skipping write tests
[   10.172141] scsi target2:0:1: Ending Domain Validation
[   10.181211] scsi target2:0:1: asynchronous
[   10.210174] sd 2:0:0:0: [sda] 83886080 512-byte logical blocks: (42.9 GB/40.0 GiB)
[   10.222153] sd 2:0:0:0: Attached scsi generic sg0 type 0
[   10.233040] sd 2:0:0:0: [sda] Write Protect is off
[   10.246067] sd 2:0:1:0: Attached scsi generic sg1 type 0
[   10.257533] sd 2:0:1:0: [sdb] 20480 512-byte logical blocks: (10.5 MB/10.0 MiB)
[   10.277144] sd 2:0:1:0: [sdb] Write Protect is off
[   10.277578] sd 2:0:0:0: [sda] Incomplete mode parameter data
[   10.306327] sd 2:0:0:0: [sda] Assuming drive cache: write through
[   10.308195] sd 2:0:1:0: [sdb] Incomplete mode parameter data
[   10.340994] sd 2:0:1:0: [sdb] Assuming drive cache: write through
[   10.365454]  sda: sda1
[   10.383503] sd 2:0:1:0: [sdb] Attached SCSI disk
[   10.395779] sd 2:0:0:0: [sda] Attached SCSI disk
Begin: Loading essential drivers ... [   88.377885] INFO: rcu_sched detected stalls on CPUs/tasks:
[   88.378048] raid6: sse2x1   gen() 9135246 MB/s
[   88.388084] 	1-...!: (1 ticks this GP) idle=bee/140000000000000/0 softirq=1069/1069 fqs=1 
[   88.388085] 	(detected by 0, t=18566 jiffies, g=-27, c=-28, q=9)
[   88.388108] Sending NMI from CPU 0 to CPUs 1:
[   88.388670] NMI backtrace for cpu 1
[   88.388670] CPU: 1 PID: 291 Comm: modprobe Not tainted 4.15.0-202-generic #213-Ubuntu
[   88.388671] Hardware name: innotek GmbH VirtualBox/VirtualBox, BIOS VirtualBox 12/01/2006
[   88.388671] RIP: 0010:native_apic_mem_write+0xc/0x10
[   88.388672] RSP: 0018:ffff897e3fd03fc8 EFLAGS: 00010046
[   88.388672] RAX: ffffffff9f062fe0 RBX: 0000000000000000 RCX: 0140000000000001
[   88.388673] RDX: 0140000000000000 RSI: 0000000000000000 RDI: 00000000000000b0
[   88.388673] RBP: ffff897e3fd03fc8 R08: 0000000000000000 R09: 0000000000000000
[   88.388674] R10: 0000000000000000 R11: 0000000000000000 R12: 0000000000000000
[   88.388674] R13: 0000000000000000 R14: 0000000000000000 R15: 0000000000000000
[   88.388675] FS:  00007f75be1c9540(0000) GS:ffff897e3fd00000(0000) knlGS:0000000000000000
[   88.388675] CS:  0010 DS: 0000 ES: 0000 CR0: 0000000080050033
[   88.388675] CR2: 00007f75be1be745 CR3: 00000000365ce004 CR4: 00000000000206e0
[   88.388676] Call Trace:
[   88.388676]  <IRQ>
[   88.388676]  smp_apic_timer_interrupt+0x3f/0x140
[   88.388677]  apic_timer_interrupt+0x90/0xa0
[   88.388677]  </IRQ>
[   88.388677] RIP: 0010:vprintk_emit+0x253/0x2c0
[   88.388678] RSP: 0018:ffff99584038fab8 EFLAGS: 00010202 ORIG_RAX: ffffffffffffff11
[   88.388678] RAX: 0000000000000001 RBX: 0000000000000022 RCX: ffffffffa09694a0
[   88.388679] RDX: 0000000000000000 RSI: 0000000000000002 RDI: 0000000000000202
[   88.388679] RBP: ffff99584038faf8 R08: 0000002525f75f6f R09: 0000000000000022
[   88.388680] R10: 0000000000000000 R11: 0000000000000193 R12: 0000000000000202
[   88.388680] R13: 0000000000000001 R14: 0000000000000194 R15: ffff99584038fb38
[   88.388680]  vprintk_default+0x29/0x50
[   88.388681]  vprintk_func+0x47/0xc0
[   88.388681]  printk+0x52/0x6e
[   88.388682]  ? raid6_sse21_gen_syndrome+0x120/0x130 [raid6_pq]
[   88.388682]  init_module+0x15f/0x1000 [raid6_pq]
[   88.388682]  ? 0xffffffffc0168000
[   88.388683]  do_one_initcall+0x52/0x1a0
[   88.388683]  ? free_unref_page_commit+0xb1/0xf0
[   88.388683]  ? _cond_resched+0x19/0x40
[   88.388684]  ? kmem_cache_alloc_trace+0x167/0x1d0
[   88.388684]  ? do_init_module+0x27/0x1f2
[   88.388684]  do_init_module+0x4f/0x1f2
[   88.388684]  load_module+0x1772/0x2000
[   88.388685]  ? ima_post_read_file+0x96/0xa0
[   88.388685]  SYSC_finit_module+0xfc/0x120
[   88.388685]  ? SYSC_finit_module+0xfc/0x120
[   88.388686]  SyS_finit_module+0xe/0x10
[   88.388686]  do_syscall_64+0x73/0x130
[   88.388686]  entry_SYSCALL_64_after_hwframe+0x41/0xa6
[   88.388687] RIP: 0033:0x7f75bdccd539
[   88.388687] RSP: 002b:00007fff253735d8 EFLAGS: 00000246 ORIG_RAX: 0000000000000139
[   88.388688] RAX: ffffffffffffffda RBX: 000056086be9a800 RCX: 00007f75bdccd539
[   88.388688] RDX: 0000000000000000 RSI: 000056086adc5cee RDI: 0000000000000004
[   88.388689] RBP: 000056086adc5cee R08: 0000000000000000 R09: 000056086be99d80
[   88.388689] R10: 0000000000000004 R11: 0000000000000246 R12: 0000000000000000
[   88.388690] R13: 000056086be9a7b0 R14: 0000000000060000 R15: 000056086be99d80
[   88.388690] Code: 48 c7 c0 50 b0 01 00 48 8b 3c 10 e8 8f 1f 94 00 31 c0 5d c3 90 90 90 90 90 90 90 90 90 90 90 55 89 ff 48 89 e5 89 b7 00 d0 5f ff <5d> c3 66 90 55 89 ff 8b 87 00 d0 5f ff 48 89 e5 5d c3 66 90 0f 
[   88.389270] rcu_sched kthread starved for 18563 jiffies! g18446744073709551589 c18446744073709551588 f0x0 RCU_GP_WAIT_FQS(3) ->state=0x402 ->cpu=0
[   89.032925] rcu_sched       I    0     9      2 0x80000000
[   89.041303] Call Trace:
[   89.046240]  __schedule+0x24e/0x890
[   89.051848]  schedule+0x2c/0x80
[   89.060313]  schedule_timeout+0x15d/0x370
[   89.068994]  ? __next_timer_interrupt+0xe0/0xe0
[   89.077196]  rcu_gp_kthread+0x53a/0x980
[   89.087711]  kthread+0x121/0x140
[   89.096491]  ? rcu_note_context_switch+0x150/0x150
[   89.106827]  ? kthread_create_worker_on_cpu+0x70/0x70
[   89.119254]  ret_from_fork+0x1f/0x40
[   89.171874] raid6: sse2x1   xor()  3207 MB/s
[   89.245950] raid6: sse2x2   gen()  6869 MB/s
[   89.308607] raid6: sse2x2   xor()  2948 MB/s
[   89.382229] raid6: sse2x4   gen()  7572 MB/s
[   89.445893] raid6: sse2x4   xor()  3957 MB/s
[   89.456479] raid6: using algorithm sse2x1 gen() 9135246 MB/s
[   89.471670] raid6: .... xor() 3207 MB/s, rmw enabled
[   89.485988] raid6: using ssse3x2 recovery algorithm
[   89.506635] xor: measuring software checksum speed
[   89.612927]    prefetch64-sse: 21994.000 MB/sec
[   89.717945]    generic_sse: 20608.000 MB/sec
[   89.729696] xor: using function: prefetch64-sse (21994.000 MB/sec)
[   89.746238] async_tx: api initialized (async)
done.
Begin: Running /scripts/init-premount ... done.
Begin: Mounting root file system ... Begin: Running /scripts/local-top ... done.
Begin: Running /scripts/local-premount ... [   89.914104] Btrfs loaded, crc32c=crc32c-intel
Scanning for Btrfs filesystems
done.
Begin: Will now check root file system ... fsck from util-linux 2.31.1
[/sbin/fsck.ext4 (1) -- /dev/sda1] fsck.ext4 -a -C0 /dev/sda1 
cloudimg-rootfs: recovering journal
cloudimg-rootfs: clean, 107430/5120000 files, 771080/10485499 blocks
done.
[   90.325057] EXT4-fs (sda1): mounted filesystem with ordered data mode. Opts: (null)
done.
Begin: Running /scripts/local-bottom ... done.
Begin: Running /scripts/init-bottom ... done.
[   90.809296] ip_tables: (C) 2000-2006 Netfilter Core Team
[   90.844906] systemd[1]: systemd 237 running in system mode. (+PAM +AUDIT +SELINUX +IMA +APPARMOR +SMACK +SYSVINIT +UTMP +LIBCRYPTSETUP +GCRYPT +GNUTLS +ACL +XZ +LZ4 +SECCOMP +BLKID +ELFUTILS +KMOD -IDN2 +IDN -PCRE2 default-hierarchy=hybrid)
[   90.879200] systemd[1]: Detected virtualization oracle.
[   90.890788] systemd[1]: Detected architecture x86-64.

Welcome to [1mUbuntu 18.04.6 LTS[0m!

[   90.957591] systemd[1]: Set hostname to <ubuntu-bionic>.
[   91.542641] systemd[1]: Created slice System Slice.
[[0;32m  OK  [0m] Created slice System Slice.
[   91.552325] systemd[1]: Listening on Network Service Netlink Socket.
[[0;32m  OK  [0m] Listening on Network Service Netlink Socket.
[   91.567442] systemd[1]: Listening on LVM2 poll daemon socket.
[[0;32m  OK  [0m] Listening on LVM2 poll daemon socket.
[   91.578920] systemd[1]: Listening on Syslog Socket.
[[0;32m  OK  [0m] Listening on Syslog Socket.
[   91.588816] systemd[1]: Listening on Device-mapper event daemon FIFOs.
[[0;32m  OK  [0m] Listening on Device-mapper event daemon FIFOs.
[   91.603276] systemd[1]: Listening on fsck to fsckd communication Socket.
[[0;32m  OK  [0m] Listening on fsck to fsckd communication Socket.
[[0;32m  OK  [0m] Listening on udev Control Socket.
[[0;32m  OK  [0m] Set up automount Arbitrary Executab…rmats File System Automount Point.
[[0;32m  OK  [0m] Created slice system-serial\x2dgetty.slice.
[[0;32m  OK  [0m] Listening on /dev/initctl Compatibility Named Pipe.
[[0;32m  OK  [0m] Listening on udev Kernel Socket.
[[0;32m  OK  [0m] Created slice User and Session Slice.
[[0;32m  OK  [0m] Reached target Slices.
[[0;32m  OK  [0m] Reached target System Time Synchronized.
[[0;32m  OK  [0m] Listening on Journal Socket.
         Starting Set the console keyboard layout...
         Starting Uncomplicated firewall...
         Mounting POSIX Message Queue File System...
         Mounting Kernel Debug File System...
[[0;32m  OK  [0m] Listening on LVM2 metadata daemon socket.
         Starting Monitoring of LVM2 mirrors…ng dmeventd or progress polling...
[[0;32m  OK  [0m] Reached target User and Group Name Lookups.
[[0;32m  OK  [0m] Listening on Journal Audit Socket.
         Starting Create list of required st…ce nodes for the current kernel...
         Mounting Huge Pages File System...
         Starting udev Coldplug all Devices...
         Starting Remount Root and Kernel File Systems...
[[0;32m  OK  [0m] Started Forward Password Requests to Wall Directory Watch.
         Starting Load Kernel Modules...
[[0;32m  OK  [0m] Listening on Journal Socket (/dev/log).
         Starting Journal[   91.843708] EXT4-fs (sda1): re-mounted. Opts: (null)
 Service...
[[0;32m  OK  [0m] Reached target Swap.
[[0;32m  OK  [0m] Started Uncomplicated firewall.
[[0;32m  OK  [0m] Mounted POSIX Message Queue File System.
[[0;32m  OK  [0m] Mounted Kernel Debug File System.
[[0;32m  OK  [0m] Started Create list of required sta…vice nodes for the current kernel.
[[0;32m  OK  [0m] Mounted Huge Pages File System.
[[0;32m  OK  [0m] Started Remount Root and Kernel File Systems.
         Starting Load/Save Random Seed...
         Starting Create Static Device Nodes in /dev...
[   91.977323] Loading iSCSI transport class v2.0-870.
[[0;32m  OK  [0m] Started LVM2 metadata daemon.
[[0;32m  OK  [0m] Started Load/Save Random Seed.
[[0;32m  OK  [0m] Started udev Coldplug all Devices.
[[0;32m  OK  [0m] Started Create Static Device Nodes in /dev.
[[0;32m  OK  [0m] Started Journal Service.
         Starting Flush Journal to Persistent Storage...
         Starting udev Kernel Device Manager...
[[0;32m  OK  [0m] Started Monitoring of LVM2 mirrors,…sing dmeventd or progress polling.
[   92.222446] systemd-journald[439]: Received request to flush runtime journal from PID 1
[   92.242919] iscsi: registered transport (tcp)
[[0;32m  OK  [0m] Started Set the console keyboard layout.
[[0;32m  OK  [0m] Reached target Local File Systems (Pre).
[[0;32m  OK  [0m] Reached target Local File Systems.
         Starting Set console font and keymap...
         Starting AppArmor initialization...
         Starting ebtables ruleset management...
         Starting Tell Plymouth To Write Out Runtime Data...
[[0;32m  OK  [0m] [   92.563714] systemd-journald[439]: File /var/log/journal/1a7a8c5e9c614461a48152697b5329d1/system.journal corrupted or uncleanly shut down, renaming and replacing.
Started Tell Plymouth To Write Out Runtime Data.
[[0;32m  OK  [0m] Started Set console font and keymap.
[[0;32m  OK  [0m] Started udev Kernel Device Manager.
[[0;32m  OK  [0m] Started Dispatch Password Requests to Console Directory Watch.
[[0;32m  OK  [0m] Reached target Local Encrypted Volumes.
[   92.802518] iscsi: registered transport (iser)
[[0;32m  OK  [0m] Started Load Kernel Modules.
[[0;32m  OK  [0m] Started Flush Journal to Persistent Storage.
         Starting Create Volatile Files and Directories...
         Starting Apply Kernel Variables...
         Mounting FUSE Control File System...
         Mounting Kernel Configuration File System...
[[0;32m  OK  [0m] Started ebtables ruleset management.
[[0;32m  OK  [0m] Mounted FUSE Control File System.
[[0;32m  OK  [0m] Mounted Kernel Configuration File System.
[[0;32m  OK  [0m] Started Create Volatile Files and Directories.
         Starting Update UTMP about System Boot/Shutdown...
[[0;32m  OK  [0m] Started Update UTMP about System Boot/Shutdown.
[[0;32m  OK  [0m] Started Apply Kernel Variables.
[[0;32m  OK  [0m] Started AppArmor initialization.
[[0;32m  OK  [0m] Found device /dev/ttyS0.
         Starting Load AppArmor profiles managed internally by snapd...
         Starting Initial cloud-init job (pre-networking)...
         Mounting Arbitrary Executable File Formats File System...
[[0;32m  OK  [0m] Listening on Load/Save RF Kill Switch Status /dev/rfkill Watch.
[[0;32m  OK  [0m] Mounted Arbitrary Executable File Formats File System.
[[0;32m  OK  [0m] Started Load AppArmor profiles managed internally by snapd.
[   98.171627] cloud-init[552]: Cloud-init v. 22.4.2-0ubuntu0~18.04.1 running 'init-local' at Wed, 01 Feb 2023 17:10:15 +0000. Up 97.69 seconds.
[[0;32m  OK  [0m] Started Initial cloud-init job (pre-networking).
[[0;32m  OK  [0m] Reached target Network (Pre).
         Starting Network Service...
[[0;32m  OK  [0m] Started Network Service.
         Starting Network Name Resolution...
         Starting Wait for Network to be Configured...
[[0;32m  OK  [0m] Started Network Name Resolution.
[[0;32m  OK  [0m] Reached target Host and Network Name Lookups.
[[0;32m  OK  [0m] Reached target Network.
[[0;32m  OK  [0m] Started Wait for Network to be Configured.
         Starting Initial cloud-init job (metadata service crawler)...
[  101.721835] cloud-init[689]: Cloud-init v. 22.4.2-0ubuntu0~18.04.1 running 'init' at Wed, 01 Feb 2023 17:10:19 +0000. Up 101.37 seconds.
[  101.730325] cloud-init[689]: ci-info: ++++++++++++++++++++++++++++++++++++++Net device info++++++++++++++++++++++++++++++++++++++
[  101.737416] cloud-init[689]: ci-info: +--------+------+----------------------------+---------------+--------+-------------------+
[  101.750904] cloud-init[689]: ci-info: | Device |  Up  |          Address           |      Mask     | Scope  |     Hw-Address    |
[  101.760949] cloud-init[689]: ci-info: +--------+------+----------------------------+---------------+--------+-------------------+
[  101.770334] cloud-init[689]: ci-info: | enp0s3 | True |         10.0.2.15          | 255.255.255.0 | global | 02:40:49:ac:f0:20 |
[  101.782430] cloud-init[689]: ci-info: | enp0s3 | True | fe80::40:49ff:feac:f020/64 |       .       |  link  | 02:40:49:ac:f0:20 |
[  101.794074] cloud-init[689]: ci-info: |   lo   | True |         127.0.0.1          |   255.0.0.0   |  host  |         .         |
[  101.805448] cloud-init[689]: ci-info: |   lo   | True |          ::1/128           |       .       |  host  |         .         |
[  101.815154] cloud-init[689]: ci-info: +--------+------+----------------------------+---------------+--------+-------------------+
[  101.824399] cloud-init[689]: ci-info: ++++++++++++++++++++++++++++Route IPv4 info+++++++++++++++++++++++++++++
[  101.829882] cloud-init[689]: ci-info: +-------+-------------+----------+-----------------+-----------+-------+
[  101.835504] cloud-init[689]: ci-info: | Route | Destination | Gateway  |     Genmask     | Interface | Flags |
[  101.841340] cloud-init[689]: ci-info: +-------+-------------+----------+-----------------+-----------+-------+
[  101.847536] cloud-init[689]: ci-info: |   0   |   0.0.0.0   | 10.0.2.2 |     0.0.0.0     |   enp0s3  |   UG  |
[  101.854907] cloud-init[689]: ci-info: |   1   |   10.0.2.0  | 0.0.0.0  |  255.255.255.0  |   enp0s3  |   U   |
[  101.862087] cloud-init[689]: ci-info: |   2   |   10.0.2.2  | 0.0.0.0  | 255.255.255.255 |   enp0s3  |   UH  |
[  101.867871] cloud-init[689]: ci-info: +-------+-------------+----------+-----------------+-----------+-------+
[  101.874885] cloud-init[689]: ci-info: +++++++++++++++++++Route IPv6 info+++++++++++++++++++
[  101.879435] cloud-init[689]: ci-info: +-------+-------------+---------+-----------+-------+
[  101.895896] cloud-init[689]: ci-info: | Route | Destination | Gateway | Interface | Flags |
[  101.907091] cloud-init[689]: ci-info: +-------+-------------+---------+-----------+-------+
[  101.922410] cloud-init[689]: ci-info: |   1   |  fe80::/64  |    ::   |   enp0s3  |   U   |
[  101.930859] cloud-init[689]: ci-info: |   3   |    local    |    ::   |   enp0s3  |   U   |
[  101.938066] cloud-init[689]: ci-info: |   4   |   ff00::/8  |    ::   |   enp0s3  |   U   |
[  101.947468] cloud-init[689]: ci-info: +-------+-------------+---------+-----------+-------+
[[0;32m  OK  [0m] Started Initial cloud-init job (metadata service crawler).
[[0;32m  OK  [0m] Reached target System Initialization.
[[0;32m  OK  [0m] Started Message of the Day.
[[0;32m  OK  [0m] Started Ubuntu Advantage Timer for running repeated jobs.
[[0;32m  OK  [0m] Started Daily Cleanup of Temporary Directories.
[[0;32m  OK  [0m] Started Discard unused blocks once a week.
[[0;32m  OK  [0m] Listening on D-Bus System Message Bus Socket.
[[0;32m  OK  [0m] Started Daily apt upgrade and clean activities.
[[0;32m  OK  [0m] Reached target Timers.
[[0;32m  OK  [0m] Listening on ACPID Listen Socket.
[[0;32m  OK  [0m] Listening on UUID daemon activation socket.
         Starting LXD - unix socket.
[[0;32m  OK  [0m] Started ACPI Events Check.
[[0;32m  OK  [0m] Reached target Paths.
         Starting Socket activation for snappy daemon.
[[0;32m  OK  [0m] Listening on Open-iSCSI iscsid Socket.
[[0;32m  OK  [0m] Listening on cloud-init hotplug hook socket.
[[0;32m  OK  [0m] Reached target Network is Online.
[[0;32m  OK  [0m] Reached target Remote File Systems (Pre).
         Starting Availability of block devices...
         Mounting /vagrant...
[[0;32m  OK  [0m] Reached target Cloud-config availability.
[[0;32m  OK  [0m] Listening on LXD - unix socket.
[[0;32m  OK  [0m] Listening on Socket activation for snappy daemon.
[[0;32m  OK  [0m] Reached target Sockets.
[[0;32m  OK  [0m] Reached target Basic System.
         Starting Accounts Service...
[[0;32m  OK  [0m] Started irqbalance daemon.
[[0;32m  OK  [0m] Started Deferred execution scheduler.
         Starting LSB: Record successful boot for GRUB...
         Starting System Logging Service...
         Starting Login Service...
[[0;32m  OK  [0m] Started D-Bus System Message Bus.
[[0;32m  OK  [0m] Started Regular background program processing daemon.
[[0;32m  OK  [0m] Started FUSE filesystem for LXC.
[[0;32m  OK  [0m] Reached target Login Prompts (Pre).
         Starting OpenBSD Secure Shell server...
         Starting Virtualbox guest utils...
         Starting Snap Daemon...
         Starting Dispatcher daemon for systemd-networkd...
         Starting LXD - container startup/shutdown...
[[0;32m  OK  [0m] Started System Logging Service.
[[0;32m  OK  [0m] Started Availability of block devices.
[[0;32m  OK  [0m] Mounted /vagrant.
[[0;32m  OK  [0m] Started Login Service.
[[0;32m  OK  [0m] Started OpenBSD Secure Shell server.
         Starting Authorization Manager...
[[0;32m  OK  [0m] Started Unattended Upgrades Shutdown.
[[0;32m  OK  [0m] Reached target Remote File Systems.
         Starting LSB: automatic crash report generation...
         Starting Permit User Sessions...
[[0;32m  OK  [0m] Started Permit User Sessions.
         Starting Hold until boot process finishes up...
         Starting Terminate Plymouth Boot Screen...
[[0;32m  OK  [0m] Started Hold until boot process finishes up.
         Starting Set console scheme...
[[0;32m  OK  [0m] Started Serial Getty on ttyS0.
[[0;32m  OK  [0m] Started Terminate Plymouth Boot Screen.
[[0;32m  OK  [0m] Started Authorization Manager.
[[0;32m  OK  [0m] Started Accounts Service.
[[0;32m  OK  [0m] Started LSB: Record successful boot for GRUB.
[[0;32m  OK  [0m] Started Set console scheme.
[[0;32m  OK  [0m] Created slice system-getty.slice.
[[0;32m  OK  [0m] Started Getty on tty1.
[[0;32m  OK  [0m] Reached target Login Prompts.
[[0;32m  OK  [0m] Started Virtualbox guest utils.
[[0;32m  OK  [0m] Started LSB: automatic crash report generation.
[[0;32m  OK  [0m] Started LXD - container startup/shutdown.
[[0;32m  OK  [0m] Created slice User Slice of vagrant.
         Starting User Manager for UID 1000...
[[0;32m  OK  [0m] Started Session 1 of user vagrant.
[[0;32m  OK  [0m] Started Dispatcher daemon for systemd-networkd.
[[0;32m  OK  [0m] Started User Manager for UID 1000.
[[0;32m  OK  [0m] Started Snap Daemon.
         Starting Wait until snapd is fully seeded...
         Starting Time & Date Service...
[[0;32m  OK  [0m] Started Time & Date Service.
[[0;32m  OK  [0m] Started Wait until snapd is fully seeded.
         Starting Apply the settings specified in cloud-config...
[  108.421860] cloud-init[1101]: Cloud-init v. 22.4.2-0ubuntu0~18.04.1 running 'modules:config' at Wed, 01 Feb 2023 17:10:25 +0000. Up 108.09 seconds.
[[0;32m  OK  [0m] Started Apply the settings specified in cloud-config.
[[0;32m  OK  [0m] Reached target Multi-User System.
         Starting Execute cloud user/final scripts...
[[0;32m  OK  [0m] Reached target Graphical Interface.
         Starting Update UTMP about System Runlevel Changes...
[[0;32m  OK  [0m] Started Update UTMP about System Runlevel Changes.

Ubuntu 18.04.6 LTS ubuntu-bionic ttyS0

ubuntu-bionic login: [  110.762097] cloud-init[1153]: Cloud-init v. 22.4.2-0ubuntu0~18.04.1 running 'modules:final' at Wed, 01 Feb 2023 17:10:28 +0000. Up 110.36 seconds.
[  110.762419] cloud-init[1153]: Cloud-init v. 22.4.2-0ubuntu0~18.04.1 finished at Wed, 01 Feb 2023 17:10:28 +0000. Datasource DataSourceNoCloud [seed=/dev/sdb][dsmode=net].  Up 110.73 seconds
